  game.cpp
C:\OpenGL\BrickBreaker\game.cpp(151,74): warning C4244: 'argument': conversion from 'unsigned int' to 'float', possible loss of data
  game_level.cpp
C:\OpenGL\BrickBreaker\game_level.cpp(50,42): warning C4267: 'initializing': conversion from 'size_t' to 'unsigned int', possible loss of data
C:\OpenGL\BrickBreaker\game_level.cpp(51,44): warning C4267: 'initializing': conversion from 'size_t' to 'unsigned int', possible loss of data
C:\OpenGL\BrickBreaker\game_level.cpp(52,76): warning C4244: 'initializing': conversion from 'unsigned int' to 'float', possible loss of data
  game_object.cpp
  ball_object.cpp
  resource_manager.cpp
  shader.cpp
  Source.cpp
C:\OpenGL\BrickBreaker\Source.cpp(69,28): warning C4244: 'initializing': conversion from 'double' to 'float', possible loss of data
  sprite_rendered.cpp
  texture.cpp
  text_renderer.cpp
C:\OpenGL\BrickBreaker\text_renderer.cpp(80,33): warning C4838: conversion from 'FT_Pos' to 'unsigned int' requires a narrowing conversion
soil2-debug.lib(SOIL2.obj) : warning LNK4075: ignoring '/EDITANDCONTINUE' due to '/OPT:ICF' specification
LINK : warning LNK4098: defaultlib 'LIBCMT' conflicts with use of other libs; use /NODEFAULTLIB:library
LINK : warning LNK4098: defaultlib 'MSVCRTD' conflicts with use of other libs; use /NODEFAULTLIB:library
  Generating code
  Previous IPDB not found, fall back to full compilation.
  All 922 functions were compiled because no usable IPDB/IOBJ from previous compilation was found.
  Finished generating code
glew32s.lib(glew.obj) : warning LNK4099: PDB 'vc120.pdb' was not found with 'glew32s.lib(glew.obj)' or at 'C:\OpenGL\BrickBreaker\x64\Release\vc120.pdb'; linking object as if no debug info
  BrickBreaker.vcxproj -> C:\OpenGL\BrickBreaker\x64\Release\BrickBreaker.exe
